Using pre-set license
Built from '2020.3/staging' branch; Version is '2020.3.11f1 (99c7afb366b3) revision 10078127'; Using compiler version '192528614'; Build Type 'Release'
OS: 'Windows 10 Home; OS build 19042.1165; Version 2009; 64bit' Language: 'en' Physical Memory: 16336 MB
BatchMode: 1, IsHumanControllingUs: 0, StartBugReporterOnCrash: 0, Is64bit: 1, IsPro: 0

 COMMAND LINE ARGUMENTS:
C:\Program Files\Unity\Hub\Editor\2020.3.11f1\Editor\Unity.exe
-adb2
-batchMode
-noUpm
-name
AssetImportWorker0
-projectPath
D:/210-Transmedia
-logFile
Logs/AssetImportWorker0.log
-srvPort
53624
Successfully changed project path to: D:/210-Transmedia
D:/210-Transmedia
Using Asset Import Pipeline V2.
Refreshing native plugins compatible for Editor in 47.24 ms, found 2 plugins.
Preloading 0 native plugins for Editor in 0.00 ms.
Initialize engine version: 2020.3.11f1 (99c7afb366b3)
[Subsystems] Discovering subsystems at path C:/Program Files/Unity/Hub/Editor/2020.3.11f1/Editor/Data/Resources/UnitySubsystems
[Subsystems] Discovering subsystems at path D:/210-Transmedia/Assets
GfxDevice: creating device client; threaded=0
Direct3D:
    Version:  Direct3D 11.0 [level 11.1]
    Renderer: NVIDIA GeForce RTX 2060 (ID=0x1e89)
    Vendor:   
    VRAM:     5968 MB
    Driver:   30.0.14.7168
Initialize mono
Mono path[0] = 'C:/Program Files/Unity/Hub/Editor/2020.3.11f1/Editor/Data/Managed'
Mono path[1] = 'C:/Program Files/Unity/Hub/Editor/2020.3.11f1/Editor/Data/MonoBleedingEdge/lib/mono/unityjit'
Mono config path = 'C:/Program Files/Unity/Hub/Editor/2020.3.11f1/Editor/Data/MonoBleedingEdge/etc'
Using monoOptions --debugger-agent=transport=dt_socket,embedding=1,server=y,suspend=n,address=127.0.0.1:56792
Begin MonoManager ReloadAssembly
Registering precompiled unity dll's ...
Register platform support module: C:/Program Files/Unity/Hub/Editor/2020.3.11f1/Editor/Data/PlaybackEngines/WindowsStandaloneSupport/UnityEditor.WindowsStandalone.Extensions.dll
Registered in 0.001929 seconds.
Native extension for WindowsStandalone target not found
Refreshing native plugins compatible for Editor in 48.21 ms, found 2 plugins.
Preloading 0 native plugins for Editor in 0.00 ms.
Mono: successfully reloaded assembly
- Completed reload, in  0.996 seconds
Platform modules already initialized, skipping
Registering precompiled user dll's ...
Registered in 0.003648 seconds.
Begin MonoManager ReloadAssembly
Native extension for WindowsStandalone target not found
Refreshing native plugins compatible for Editor in 0.76 ms, found 2 plugins.
Preloading 0 native plugins for Editor in 0.00 ms.
Mono: successfully reloaded assembly
- Completed reload, in  0.881 seconds
Platform modules already initialized, skipping
========================================================================
Worker process is ready to serve import requests
Launched and connected shader compiler UnityShaderCompiler.exe after 0.04 seconds
Refreshing native plugins compatible for Editor in 0.60 ms, found 2 plugins.
Preloading 0 native plugins for Editor in 0.00 ms.
Unloading 1909 Unused Serialized files (Serialized files now loaded: 0)
System memory in use before: 101.3 MB.
System memory in use after: 101.0 MB.

Unloading 20 unused Assets to reduce memory usage. Loaded Objects now: 2361.
Total: 2.160300 ms (FindLiveObjects: 0.216500 ms CreateObjectMapping: 0.043600 ms MarkObjects: 1.587100 ms  DeleteObjects: 0.312000 ms)

========================================================================
Received Import Request.
  path: Assets/open door.anim
  artifactKey: Guid(ff729bf2c4fae7541b02680e5ad618b7) Importer(815301076,1909f56bfc062723c751e8b465ee728b)
Start importing Assets/open door.anim using Guid(ff729bf2c4fae7541b02680e5ad618b7) Importer(815301076,1909f56bfc062723c751e8b465ee728b)  -> (artifact id: '5451e41ce1583e9e49c9fd43e75a74c5') in 0.028421 seconds
  Import took 0.065931 seconds .

========================================================================
Received Import Request.
  Time since last request: 0.000334 seconds.
  path: Assets/close.anim
  artifactKey: Guid(893bde92023ae4d4885c00ea4419cb64) Importer(815301076,1909f56bfc062723c751e8b465ee728b)
Start importing Assets/close.anim using Guid(893bde92023ae4d4885c00ea4419cb64) Importer(815301076,1909f56bfc062723c751e8b465ee728b)  -> (artifact id: '05b404403d3113d3bd16538351922c15') in 0.004927 seconds
  Import took 0.008434 seconds .

========================================================================
Received Import Request.
  Time since last request: 21.394338 seconds.
  path: Assets/TriggerDoor.cs
  artifactKey: Guid(a947531392e078348815c71c1708f15a) Importer(815301076,1909f56bfc062723c751e8b465ee728b)
Start importing Assets/TriggerDoor.cs using Guid(a947531392e078348815c71c1708f15a) Importer(815301076,1909f56bfc062723c751e8b465ee728b)  -> (artifact id: '547911ddb4cc959fa81e842690db83c4') in 0.007889 seconds
  Import took 0.011741 seconds .

========================================================================
Received Import Request.
  Time since last request: 335.232487 seconds.
  path: Assets/TriggerDoor.cs
  artifactKey: Guid(a947531392e078348815c71c1708f15a) Importer(815301076,1909f56bfc062723c751e8b465ee728b)
Start importing Assets/TriggerDoor.cs using Guid(a947531392e078348815c71c1708f15a) Importer(815301076,1909f56bfc062723c751e8b465ee728b)  -> (artifact id: '70cf2729ef4f8be5b6f4bec57ef3fd8a') in 0.002870 seconds
  Import took 0.063692 seconds .

========================================================================
Received Prepare
Registering precompiled user dll's ...
Registered in 0.003478 seconds.
Begin MonoManager ReloadAssembly
Native extension for WindowsStandalone target not found
Refreshing native plugins compatible for Editor in 0.65 ms, found 2 plugins.
Preloading 0 native plugins for Editor in 0.00 ms.
Mono: successfully reloaded assembly
- Completed reload, in  0.886 seconds
Platform modules already initialized, skipping
Refreshing native plugins compatible for Editor in 0.78 ms, found 2 plugins.
Preloading 0 native plugins for Editor in 0.00 ms.
Unloading 1845 Unused Serialized files (Serialized files now loaded: 0)
System memory in use before: 95.3 MB.
System memory in use after: 95.1 MB.

Unloading 15 unused Assets to reduce memory usage. Loaded Objects now: 2365.
Total: 2.280800 ms (FindLiveObjects: 0.195900 ms CreateObjectMapping: 0.042200 ms MarkObjects: 1.685200 ms  DeleteObjects: 0.356400 ms)

========================================================================
Received Prepare
Registering precompiled user dll's ...
Registered in 0.004284 seconds.
Begin MonoManager ReloadAssembly
Native extension for WindowsStandalone target not found
Refreshing native plugins compatible for Editor in 0.60 ms, found 2 plugins.
Preloading 0 native plugins for Editor in 0.00 ms.
Mono: successfully reloaded assembly
- Completed reload, in  0.869 seconds
Platform modules already initialized, skipping
Refreshing native plugins compatible for Editor in 0.64 ms, found 2 plugins.
Preloading 0 native plugins for Editor in 0.00 ms.
Unloading 1845 Unused Serialized files (Serialized files now loaded: 0)
System memory in use before: 95.4 MB.
System memory in use after: 95.1 MB.

Unloading 15 unused Assets to reduce memory usage. Loaded Objects now: 2368.
Total: 2.353500 ms (FindLiveObjects: 0.185400 ms CreateObjectMapping: 0.042200 ms MarkObjects: 1.790500 ms  DeleteObjects: 0.334200 ms)

========================================================================
Received Prepare
Registering precompiled user dll's ...
Registered in 0.003739 seconds.
Begin MonoManager ReloadAssembly
Native extension for WindowsStandalone target not found
Refreshing native plugins compatible for Editor in 0.61 ms, found 2 plugins.
Preloading 0 native plugins for Editor in 0.00 ms.
Mono: successfully reloaded assembly
- Completed reload, in  0.820 seconds
Platform modules already initialized, skipping
Refreshing native plugins compatible for Editor in 0.61 ms, found 2 plugins.
Preloading 0 native plugins for Editor in 0.00 ms.
Unloading 1845 Unused Serialized files (Serialized files now loaded: 0)
System memory in use before: 95.4 MB.
System memory in use after: 95.1 MB.

Unloading 15 unused Assets to reduce memory usage. Loaded Objects now: 2371.
Total: 2.158800 ms (FindLiveObjects: 0.208200 ms CreateObjectMapping: 0.041100 ms MarkObjects: 1.544100 ms  DeleteObjects: 0.364500 ms)

========================================================================
Received Import Request.
  Time since last request: 925.186547 seconds.
  path: Assets/GameObject.controller
  artifactKey: Guid(4301bcc9850b3544ea4ee344ba3c492c) Importer(815301076,1909f56bfc062723c751e8b465ee728b)
Start importing Assets/GameObject.controller using Guid(4301bcc9850b3544ea4ee344ba3c492c) Importer(815301076,1909f56bfc062723c751e8b465ee728b)  -> (artifact id: 'e292f8282a9d5f7431a2f1a247b2359c') in 0.038678 seconds
  Import took 0.058513 seconds .

========================================================================
Received Prepare
Registering precompiled user dll's ...
Registered in 0.003414 seconds.
Begin MonoManager ReloadAssembly
Native extension for WindowsStandalone target not found
Refreshing native plugins compatible for Editor in 0.64 ms, found 2 plugins.
Preloading 0 native plugins for Editor in 0.00 ms.
Mono: successfully reloaded assembly
- Completed reload, in  0.797 seconds
Platform modules already initialized, skipping
Refreshing native plugins compatible for Editor in 0.72 ms, found 2 plugins.
Preloading 0 native plugins for Editor in 0.00 ms.
Unloading 1845 Unused Serialized files (Serialized files now loaded: 0)
System memory in use before: 95.4 MB.
System memory in use after: 95.1 MB.

Unloading 15 unused Assets to reduce memory usage. Loaded Objects now: 2374.
Total: 2.236200 ms (FindLiveObjects: 0.196600 ms CreateObjectMapping: 0.041400 ms MarkObjects: 1.531100 ms  DeleteObjects: 0.466200 ms)

========================================================================
Received Import Request.
  Time since last request: 35.656013 seconds.
  path: Assets/closeDoor.anim
  artifactKey: Guid(893bde92023ae4d4885c00ea4419cb64) Importer(815301076,1909f56bfc062723c751e8b465ee728b)
Start importing Assets/closeDoor.anim using Guid(893bde92023ae4d4885c00ea4419cb64) Importer(815301076,1909f56bfc062723c751e8b465ee728b)  -> (artifact id: 'e8a6b9cf7585768fd5f24123d4c06114') in 0.020613 seconds
  Import took 0.028333 seconds .

========================================================================
Received Import Request.
  Time since last request: 14.404692 seconds.
  path: Assets/DoorClose.anim
  artifactKey: Guid(893bde92023ae4d4885c00ea4419cb64) Importer(815301076,1909f56bfc062723c751e8b465ee728b)
Start importing Assets/DoorClose.anim using Guid(893bde92023ae4d4885c00ea4419cb64) Importer(815301076,1909f56bfc062723c751e8b465ee728b)  -> (artifact id: '8bf721fb2f3db0e2ee37e9944ef4d28a') in 0.003453 seconds
  Import took 0.140451 seconds .

========================================================================
Received Import Request.
  Time since last request: 17.807707 seconds.
  path: Assets/DoorOpen.anim
  artifactKey: Guid(ff729bf2c4fae7541b02680e5ad618b7) Importer(815301076,1909f56bfc062723c751e8b465ee728b)
Start importing Assets/DoorOpen.anim using Guid(ff729bf2c4fae7541b02680e5ad618b7) Importer(815301076,1909f56bfc062723c751e8b465ee728b)  -> (artifact id: '36819025809c313cf769baf785fa99a9') in 0.003250 seconds
  Import took 0.049344 seconds .

========================================================================
Received Prepare
Registering precompiled user dll's ...
Registered in 0.003828 seconds.
Begin MonoManager ReloadAssembly
Native extension for WindowsStandalone target not found
Refreshing native plugins compatible for Editor in 0.76 ms, found 2 plugins.
Preloading 0 native plugins for Editor in 0.00 ms.
Mono: successfully reloaded assembly
- Completed reload, in  0.809 seconds
Platform modules already initialized, skipping
Refreshing native plugins compatible for Editor in 0.67 ms, found 2 plugins.
Preloading 0 native plugins for Editor in 0.00 ms.
Unloading 1845 Unused Serialized files (Serialized files now loaded: 0)
System memory in use before: 95.4 MB.
System memory in use after: 95.1 MB.

Unloading 15 unused Assets to reduce memory usage. Loaded Objects now: 2377.
Total: 2.143500 ms (FindLiveObjects: 0.194000 ms CreateObjectMapping: 0.041800 ms MarkObjects: 1.542500 ms  DeleteObjects: 0.364200 ms)

========================================================================
Received Prepare
Registering precompiled user dll's ...
Registered in 0.003540 seconds.
Begin MonoManager ReloadAssembly
Native extension for WindowsStandalone target not found
Refreshing native plugins compatible for Editor in 0.62 ms, found 2 plugins.
Preloading 0 native plugins for Editor in 0.00 ms.
Mono: successfully reloaded assembly
- Completed reload, in  0.817 seconds
Platform modules already initialized, skipping
Refreshing native plugins compatible for Editor in 0.62 ms, found 2 plugins.
Preloading 0 native plugins for Editor in 0.00 ms.
Unloading 1845 Unused Serialized files (Serialized files now loaded: 0)
System memory in use before: 95.4 MB.
System memory in use after: 95.2 MB.

Unloading 15 unused Assets to reduce memory usage. Loaded Objects now: 2380.
Total: 2.148000 ms (FindLiveObjects: 0.197300 ms CreateObjectMapping: 0.042900 ms MarkObjects: 1.531700 ms  DeleteObjects: 0.375300 ms)

========================================================================
Received Prepare
Registering precompiled user dll's ...
Registered in 0.003299 seconds.
Begin MonoManager ReloadAssembly
Native extension for WindowsStandalone target not found
Refreshing native plugins compatible for Editor in 0.64 ms, found 2 plugins.
Preloading 0 native plugins for Editor in 0.00 ms.
Mono: successfully reloaded assembly
- Completed reload, in  0.824 seconds
Platform modules already initialized, skipping
Refreshing native plugins compatible for Editor in 0.73 ms, found 2 plugins.
Preloading 0 native plugins for Editor in 0.00 ms.
Unloading 1845 Unused Serialized files (Serialized files now loaded: 0)
System memory in use before: 95.4 MB.
System memory in use after: 95.2 MB.

Unloading 15 unused Assets to reduce memory usage. Loaded Objects now: 2383.
Total: 2.151300 ms (FindLiveObjects: 0.191500 ms CreateObjectMapping: 0.041800 ms MarkObjects: 1.533700 ms  DeleteObjects: 0.383600 ms)

========================================================================
Received Prepare
Registering precompiled user dll's ...
Registered in 0.003243 seconds.
Begin MonoManager ReloadAssembly
Native extension for WindowsStandalone target not found
Refreshing native plugins compatible for Editor in 0.63 ms, found 2 plugins.
Preloading 0 native plugins for Editor in 0.00 ms.
Mono: successfully reloaded assembly
- Completed reload, in  0.830 seconds
Platform modules already initialized, skipping
Refreshing native plugins compatible for Editor in 0.99 ms, found 2 plugins.
Preloading 0 native plugins for Editor in 0.00 ms.
Unloading 1845 Unused Serialized files (Serialized files now loaded: 0)
System memory in use before: 95.4 MB.
System memory in use after: 95.2 MB.

Unloading 15 unused Assets to reduce memory usage. Loaded Objects now: 2386.
Total: 2.241700 ms (FindLiveObjects: 0.211200 ms CreateObjectMapping: 0.067400 ms MarkObjects: 1.582200 ms  DeleteObjects: 0.380000 ms)

========================================================================
Received Prepare
Registering precompiled user dll's ...
Registered in 0.003740 seconds.
Begin MonoManager ReloadAssembly
Native extension for WindowsStandalone target not found
Refreshing native plugins compatible for Editor in 0.81 ms, found 2 plugins.
Preloading 0 native plugins for Editor in 0.00 ms.
Mono: successfully reloaded assembly
- Completed reload, in  0.818 seconds
Platform modules already initialized, skipping
Refreshing native plugins compatible for Editor in 0.68 ms, found 2 plugins.
Preloading 0 native plugins for Editor in 0.00 ms.
Unloading 1845 Unused Serialized files (Serialized files now loaded: 0)
System memory in use before: 95.4 MB.
System memory in use after: 95.2 MB.

Unloading 15 unused Assets to reduce memory usage. Loaded Objects now: 2389.
Total: 2.750400 ms (FindLiveObjects: 0.274800 ms CreateObjectMapping: 0.046100 ms MarkObjects: 2.006000 ms  DeleteObjects: 0.422400 ms)

========================================================================
Received Prepare
Registering precompiled user dll's ...
Registered in 0.003871 seconds.
Begin MonoManager ReloadAssembly
Native extension for WindowsStandalone target not found
Refreshing native plugins compatible for Editor in 0.66 ms, found 2 plugins.
Preloading 0 native plugins for Editor in 0.00 ms.
Mono: successfully reloaded assembly
- Completed reload, in  0.828 seconds
Platform modules already initialized, skipping
Refreshing native plugins compatible for Editor in 0.85 ms, found 2 plugins.
Preloading 0 native plugins for Editor in 0.00 ms.
Unloading 1845 Unused Serialized files (Serialized files now loaded: 0)
System memory in use before: 95.4 MB.
System memory in use after: 95.2 MB.

Unloading 15 unused Assets to reduce memory usage. Loaded Objects now: 2392.
Total: 2.883000 ms (FindLiveObjects: 0.213100 ms CreateObjectMapping: 0.043700 ms MarkObjects: 2.223800 ms  DeleteObjects: 0.401000 ms)

========================================================================
Received Prepare
Registering precompiled user dll's ...
Registered in 0.003173 seconds.
Begin MonoManager ReloadAssembly
Native extension for WindowsStandalone target not found
Refreshing native plugins compatible for Editor in 0.65 ms, found 2 plugins.
Preloading 0 native plugins for Editor in 0.00 ms.
Mono: successfully reloaded assembly
- Completed reload, in  0.830 seconds
Platform modules already initialized, skipping
Refreshing native plugins compatible for Editor in 0.72 ms, found 2 plugins.
Preloading 0 native plugins for Editor in 0.00 ms.
Unloading 1845 Unused Serialized files (Serialized files now loaded: 0)
System memory in use before: 95.4 MB.
System memory in use after: 95.2 MB.

Unloading 15 unused Assets to reduce memory usage. Loaded Objects now: 2395.
Total: 2.199300 ms (FindLiveObjects: 0.196600 ms CreateObjectMapping: 0.043600 ms MarkObjects: 1.590800 ms  DeleteObjects: 0.367300 ms)

